<?xml version='1.0' encoding='UTF-8' ?>
<testsuite name="com.example.espresso.activity.DeckardEspressoTest" tests="1" failures="0" errors="0" skipped="0" time="2.766" timestamp="2015-01-05T18:09:34" hostname="localhost">
  <properties>
    <property name="device" value="test(AVD) - 4.4.2" />
    <property name="flavor" value="" />
    <property name="project" value="chariba" />
  </properties>
  <testcase name="testCheckText" classname="com.example.espresso.activity.DeckardEspressoTest" time="2.74" />
</testsuite>