<?xml version='1.0' encoding='UTF-8' ?>
<testsuite name="com.github.ay65535.chariba.HogeTest" tests="4" failures="0" errors="0" skipped="0" time="0.202" timestamp="2015-06-23T01:06:55" hostname="localhost">
  <properties>
    <property name="device" value="test(AVD) - 4.4.4" />
    <property name="flavor" value="" />
    <property name="project" value="chariba" />
  </properties>
  <testcase name="junit4" classname="com.github.ay65535.chariba.HogeTest" time="0.025" />
  <testcase name="add" classname="com.github.ay65535.chariba.MainActivitySmallTest" time="0.025" />
  <testcase name="context" classname="com.github.ay65535.chariba.MainActivitySmallTest" time="0.001" />
  <testcase name="sample" classname="com.github.ay65535.chariba.SampleTest" time="0.025" />
</testsuite>