<?xml version='1.0' encoding='UTF-8' ?>
<testsuite name="com.example.espresso.activity.DeckardEspressoTest" tests="1" failures="0" errors="0" skipped="0" time="7.115" timestamp="2015-01-05T17:51:02" hostname="localhost">
  <properties>
    <property name="device" value="test(AVD) - 5.0" />
    <property name="flavor" value="" />
    <property name="project" value="chariba" />
  </properties>
  <testcase name="testCheckText" classname="com.example.espresso.activity.DeckardEspressoTest" time="7.09" />
</testsuite>