<?xml version='1.0' encoding='UTF-8' ?>
<testsuite name="com.example.espresso.activity.DeckardEspressoTest" tests="1" failures="0" errors="0" skipped="0" time="2.005" timestamp="2015-01-10T08:29:45" hostname="localhost">
  <properties>
    <property name="device" value="test(AVD) - 4.3" />
    <property name="flavor" value="" />
    <property name="project" value="chariba" />
  </properties>
  <testcase name="testCheckText" classname="com.example.espresso.activity.DeckardEspressoTest" time="1.962" />
</testsuite>