<?xml version='1.0' encoding='UTF-8' ?>
<testsuite name="com.example.chariba.ApplicationTest" tests="3" failures="0" errors="0" skipped="0" time="2.65" timestamp="2015-01-05T16:25:22" hostname="localhost">
  <properties>
    <property name="device" value="test(AVD) - 4.3" />
    <property name="flavor" value="" />
    <property name="project" value="chariba" />
  </properties>
  <testcase name="testAndroidTestCaseSetupProperly" classname="com.example.chariba.ApplicationTest" time="0.026" />
  <testcase name="testApplicationTestCaseSetUpProperly" classname="com.example.chariba.ApplicationTest" time="0.025" />
  <testcase name="testCheckText" classname="com.example.espresso.activity.DeckardEspressoTest" time="2.542" />
</testsuite>