<?xml version='1.0' encoding='UTF-8' ?>
<testsuite name="com.github.ay65535.chariba.HogeTest" tests="8" failures="1" errors="0" skipped="0" time="0.898" timestamp="2015-02-05T22:14:18" hostname="localhost">
  <properties>
    <property name="device" value="test(AVD) - 4.3" />
    <property name="flavor" value="" />
    <property name="project" value="chariba" />
  </properties>
  <testcase name="junit4" classname="com.github.ay65535.chariba.HogeTest" time="0.051" />
  <testcase name="testBinding" classname="com.github.ay65535.chariba.LocationServiceTest" time="0.051" />
  <testcase name="testStartingProperly" classname="com.github.ay65535.chariba.LocationServiceTest" time="0.105">
    <failure>java.lang.NullPointerException
at android.support.v4.content.LocalBroadcastManager.registerReceiver(LocalBroadcastManager.java:142)
at com.github.ay65535.chariba.LocationService.onStartCommand(LocationService.java:157)
at android.test.ServiceTestCase.startService(ServiceTestCase.java:198)
at com.github.ay65535.chariba.LocationServiceTest.testStartingProperly(LocationServiceTest.java:37)
at java.lang.reflect.Method.invokeNative(Native Method)
at java.lang.reflect.Method.invoke(Method.java:525)
at junit.framework.TestCase.runTest(TestCase.java:168)
at junit.framework.TestCase.runBare(TestCase.java:134)
at junit.framework.TestResult$1.protect(TestResult.java:115)
at junit.framework.TestResult.runProtected(TestResult.java:133)
at android.support.test.internal.runner.junit3.DelegatingTestResult.runProtected(DelegatingTestResult.java:90)
at junit.framework.TestResult.run(TestResult.java:118)
at android.support.test.internal.runner.junit3.AndroidTestResult.run(AndroidTestResult.java:49)
at junit.framework.TestCase.run(TestCase.java:124)
at android.support.test.internal.runner.junit3.NonLeakyTestSuite$NonLeakyTest.run(NonLeakyTestSuite.java:63)
at junit.framework.TestSuite.runTest(TestSuite.java:243)
at junit.framework.TestSuite.run(TestSuite.java:238)
at android.support.test.internal.runner.junit3.DelegatingTestSuite.run(DelegatingTestSuite.java:103)
at android.support.test.internal.runner.junit3.AndroidTestSuite.run(AndroidTestSuite.java:63)
at android.support.test.internal.runner.junit3.JUnit38ClassRunner.run(JUnit38ClassRunner.java:90)
at org.junit.runners.Suite.runChild(Suite.java:128)
at org.junit.runners.Suite.runChild(Suite.java:24)
at org.junit.runners.ParentRunner$3.run(ParentRunner.java:231)
at org.junit.runners.ParentRunner$1.schedule(ParentRunner.java:60)
at org.junit.runners.ParentRunner.runChildren(ParentRunner.java:229)
at org.junit.runners.ParentRunner.access$000(ParentRunner.java:50)
at org.junit.runners.ParentRunner$2.evaluate(ParentRunner.java:222)
at org.junit.runners.ParentRunner.run(ParentRunner.java:300)
at org.junit.runner.JUnitCore.run(JUnitCore.java:157)
at org.junit.runner.JUnitCore.run(JUnitCore.java:136)
at android.support.test.runner.AndroidJUnitRunner.onStart(AndroidJUnitRunner.java:270)
at android.app.Instrumentation$InstrumentationThread.run(Instrumentation.java:1701)
</failure>
  </testcase>
  <testcase name="testServiceTestCaseSetUpProperly" classname="com.github.ay65535.chariba.LocationServiceTest" time="0.025" />
  <testcase name="testAndroidTestCaseSetupProperly" classname="com.github.ay65535.chariba.LocationServiceTest" time="0.05" />
  <testcase name="add" classname="com.github.ay65535.chariba.MainActivitySmallTest" time="0.127" />
  <testcase name="context" classname="com.github.ay65535.chariba.MainActivitySmallTest" time="0.026" />
  <testcase name="sample" classname="com.github.ay65535.chariba.SampleTest" time="0.076" />
</testsuite>